<?xml version="1.0" encoding="UTF-8"?>
<!-- Generated by org.testng.reporters.JUnitReportReporter -->
<testsuite hostname="DESKTOP-4PNKHGI" failures="0" tests="1" name="automationExercise.TestCase_25_ScrollUpDown" time="7.903" errors="0" timestamp="2023-11-12T11:21:14 IST" skipped="0">
  <testcase classname="automationExercise.TestCase_25_ScrollUpDown" name="Subscription" time="7.903"/>
  <system-out/>
</testsuite> <!-- automationExercise.TestCase_25_ScrollUpDown -->
