<?xml version="1.0" encoding="UTF-8"?>
<!-- Generated by org.testng.reporters.JUnitReportReporter -->
<testsuite hostname="DESKTOP-4PNKHGI" failures="0" tests="2" name="automationExercise.loginPage" time="217.551" errors="0" timestamp="2023-11-05T16:01:01 IST" skipped="0">
  <testcase classname="automationExercise.loginPage" name="login" time="15.092"/>
  <system-out/>
  <testcase classname="automationExercise.loginPage" name="EnterActInfo" time="202.459"/>
  <system-out/>
</testsuite> <!-- automationExercise.loginPage -->
