<?xml version="1.0" encoding="UTF-8"?>
<!-- Generated by org.testng.reporters.JUnitReportReporter -->
<testsuite hostname="DESKTOP-4PNKHGI" failures="0" tests="1" name="automationExercise.TestCase_18_viewCategory" time="14.893" errors="0" timestamp="2023-11-12T12:04:11 IST" skipped="0">
  <testcase classname="automationExercise.TestCase_18_viewCategory" name="Category" time="14.893"/>
  <system-out/>
</testsuite> <!-- automationExercise.TestCase_18_viewCategory -->
