<?xml version="1.0" encoding="UTF-8"?>
<!-- Generated by org.testng.reporters.JUnitReportReporter -->
<testsuite hostname="DESKTOP-4PNKHGI" failures="0" tests="1" name="automationExercise.TestCase_26_ScrollUpwithoutarrow" time="0.788" errors="0" timestamp="2023-11-12T12:11:35 IST" skipped="0">
  <testcase classname="automationExercise.TestCase_26_ScrollUpwithoutarrow" name="ScrollUp" time="0.788"/>
  <system-out/>
</testsuite> <!-- automationExercise.TestCase_26_ScrollUpwithoutarrow -->
