<?xml version="1.0" encoding="UTF-8"?>
<!-- Generated by org.testng.reporters.JUnitReportReporter -->
<testsuite hostname="DESKTOP-4PNKHGI" failures="0" tests="1" name="automationExercise.TestCase_20_SearchProducts" time="18.478" errors="0" timestamp="2023-11-11T14:40:21 IST" skipped="0">
  <testcase classname="automationExercise.TestCase_20_SearchProducts" name="ProductDetails" time="18.478"/>
  <system-out/>
</testsuite> <!-- automationExercise.TestCase_20_SearchProducts -->
