<?xml version="1.0" encoding="UTF-8"?>
<!-- Generated by org.testng.reporters.JUnitReportReporter -->
<testsuite hostname="DESKTOP-4PNKHGI" failures="0" tests="4" name="automationExercise.TestCase_24_DownloadInvoice" time="98.314" errors="0" timestamp="2023-11-12T10:48:39 IST" skipped="0">
  <testcase classname="automationExercise.TestCase_24_DownloadInvoice" name="Product" time="12.689"/>
  <system-out/>
  <testcase classname="automationExercise.TestCase_24_DownloadInvoice" name="signUp" time="3.312"/>
  <system-out/>
  <testcase classname="automationExercise.TestCase_24_DownloadInvoice" name="EnterAccountInfo" time="28.203"/>
  <system-out/>
  <testcase classname="automationExercise.TestCase_24_DownloadInvoice" name="Cart" time="54.110"/>
  <system-out/>
</testsuite> <!-- automationExercise.TestCase_24_DownloadInvoice -->
