<?xml version="1.0" encoding="UTF-8"?>
<!-- Generated by org.testng.reporters.JUnitReportReporter -->
<testsuite hostname="DESKTOP-4PNKHGI" failures="0" tests="1" name="automationExercise.TestCase_21_AddReview" time="19.698" errors="0" timestamp="2023-11-11T15:26:23 IST" skipped="0">
  <testcase classname="automationExercise.TestCase_21_AddReview" name="ProductReview" time="19.698"/>
  <system-out/>
</testsuite> <!-- automationExercise.TestCase_21_AddReview -->
