<?xml version="1.0" encoding="UTF-8"?>
<!-- Generated by org.testng.reporters.JUnitReportReporter -->
<testsuite hostname="DESKTOP-4PNKHGI" failures="0" tests="1" name="automationExercise.TestCase_7_TestcasePage" time="5.920" errors="0" timestamp="2023-11-07T11:19:53 IST" skipped="0">
  <testcase classname="automationExercise.TestCase_7_TestcasePage" name="TestCasepage" time="5.920"/>
  <system-out/>
</testsuite> <!-- automationExercise.TestCase_7_TestcasePage -->
