<?xml version="1.0" encoding="UTF-8"?>
<!-- Generated by org.testng.reporters.JUnitReportReporter -->
<testsuite hostname="DESKTOP-4PNKHGI" failures="0" tests="1" name="automationExercise.TestCase_12_Cart" time="11.927" errors="0" timestamp="2023-11-07T15:37:52 IST" skipped="0">
  <testcase classname="automationExercise.TestCase_12_Cart" name="ProductDetail" time="11.927"/>
  <system-out/>
</testsuite> <!-- automationExercise.TestCase_12_Cart -->
